<?xml version="1.0" encoding="UTF-8"?>
<testsuite xmlns:xsi="http://www.w3.org/2001/XMLSchema-instance" xsi:noNamespaceSchemaLocation="https://maven.apache.org/surefire/maven-surefire-plugin/xsd/surefire-test-report.xsd" name="shop.music.MusicApplicationTests" time="0.353" tests="1" errors="1" skipped="0" failures="0">
  <properties>
[...]
</properties>
  <testcase name="shop.music.MusicApplicationTests" classname="shop.music.MusicApplicationTests" time="0.351">
    <error message="Could not detect default properties file for test class [shop.music.MusicApplicationTests]: class path resource [shop/music/MusicApplicationTests.properties] does not exist. Either declare the &apos;locations&apos; or &apos;properties&apos; attributes of @TestPropertySource or make the default properties file available." type="java.lang.IllegalStateException">java.lang.IllegalStateException: Could not detect default properties file for test class [shop.music.MusicApplicationTests]: class path resource [shop/music/MusicApplicationTests.properties] does not exist. Either declare the 'locations' or 'properties' attributes of @TestPropertySource or make the default properties file available.
</error>
    <system-out><![CDATA[17:32:45.409 [main] DEBUG org.springframework.test.context.BootstrapUtils - Instantiating CacheAwareContextLoaderDelegate from class [org.springframework.test.context.cache.DefaultCacheAwareContextLoaderDelegate]
17:32:45.423 [main] DEBUG org.springframework.test.context.BootstrapUtils - Instantiating BootstrapContext using constructor [public org.springframework.test.context.support.DefaultBootstrapContext(java.lang.Class,org.springframework.test.context.CacheAwareContextLoaderDelegate)]
17:32:45.524 [main] DEBUG org.springframework.test.context.BootstrapUtils - Instantiating TestContextBootstrapper for test class [shop.music.MusicApplicationTests] from class [org.springframework.boot.test.context.SpringBootTestContextBootstrapper]
17:32:45.546 [main] INFO org.springframework.boot.test.context.SpringBootTestContextBootstrapper - Neither @ContextConfiguration nor @ContextHierarchy found for test class [shop.music.MusicApplicationTests], using SpringBootContextLoader
17:32:45.559 [main] DEBUG org.springframework.test.context.support.AbstractContextLoader - Did not detect default resource location for test class [shop.music.MusicApplicationTests]: class path resource [shop/music/MusicApplicationTests-context.xml] does not exist
17:32:45.561 [main] DEBUG org.springframework.test.context.support.AbstractContextLoader - Did not detect default resource location for test class [shop.music.MusicApplicationTests]: class path resource [shop/music/MusicApplicationTestsContext.groovy] does not exist
17:32:45.563 [main] INFO org.springframework.test.context.support.AbstractContextLoader - Could not detect default resource locations for test class [shop.music.MusicApplicationTests]: no resource found for suffixes {-context.xml, Context.groovy}.
17:32:45.566 [main] INFO org.springframework.test.context.support.AnnotationConfigContextLoaderUtils - Could not detect default configuration classes for test class [shop.music.MusicApplicationTests]: MusicApplicationTests does not declare any static, non-private, non-final, nested classes annotated with @Configuration.
17:32:45.636 [main] ERROR org.springframework.test.context.support.TestPropertySourceAttributes - Could not detect default properties file for test class [shop.music.MusicApplicationTests]: class path resource [shop/music/MusicApplicationTests.properties] does not exist. Either declare the 'locations' or 'properties' attributes of @TestPropertySource or make the default properties file available.
]]></system-out>
  </testcase>
</testsuite>